<?xml version="1.0" encoding="UTF-8"?>
<!-- Generated by org.testng.reporters.JUnitReportReporter -->
<testsuite hostname="DESKTOP-CSE7PO0" failures="0" tests="4" name="tests.LoginTest" time="34.567" errors="0" timestamp="2022-07-25T21:28:18 EET" skipped="0">
  <testcase classname="tests.LoginTest" name="testLoginWithInValidEmailAndInValidPAssword" time="7.804"/>
  <system-out/>
  <testcase classname="tests.LoginTest" name="testLoginWithInValidEmailAndValidPAssword" time="7.708"/>
  <system-out/>
  <testcase classname="tests.LoginTest" name="testLoginWithValidEmailAndPassword" time="9.611"/>
  <system-out/>
  <testcase classname="tests.LoginTest" name="testLoginWithValidEmailAndInValidPAssword" time="9.444"/>
  <system-out/>
</testsuite> <!-- tests.LoginTest -->
