<?xml version="1.0" encoding="UTF-8"?>
<!-- Generated by org.testng.reporters.JUnitReportReporter -->
<testsuite hostname="DESKTOP-CSE7PO0" failures="0" tests="1" name="tests.AssignLeaveTest" time="12.571" errors="0" timestamp="2022-07-25T21:28:18 EET" skipped="0">
  <testcase classname="tests.AssignLeaveTest" name="assignLeaveWithValidData" time="12.571"/>
  <system-out/>
</testsuite> <!-- tests.AssignLeaveTest -->
