<?xml version="1.0" encoding="UTF-8"?>
<!-- Generated by org.testng.reporters.JUnitReportReporter -->
<testsuite hostname="DESKTOP-CSE7PO0" failures="0" tests="3" name="tests.AddEmployeeTest" time="40.063" errors="0" timestamp="2022-07-25T21:28:18 EET" skipped="0">
  <testcase classname="tests.AddEmployeeTest" name="addEmployeePhotographWithPNGImage" time="13.390"/>
  <system-out/>
  <testcase classname="tests.AddEmployeeTest" name="addEmployeeWithInValidEmptyFields" time="11.397"/>
  <system-out/>
  <testcase classname="tests.AddEmployeeTest" name="addEmployeeWithValidData" time="15.276"/>
  <system-out/>
</testsuite> <!-- tests.AddEmployeeTest -->
